<?xml version="1.0" encoding="UTF-8"?>
<!-- Generated by org.testng.reporters.JUnitXMLReporter -->
<testsuite ignored="0" hostname="DESKTOP-IV8TLKR" failures="0" tests="5" name="Surefire test" time="26.936" errors="0" timestamp="2025-08-22T11:17:10 IST">
  <testcase classname="selenium_ide.Lab23Test" name="@BeforeMethod setUp" time="-1.755841630342E9">
    <failure type="org.testng.TestNGException" message="
Parameter &amp;apos;browser&amp;apos; is required by BeforeMethod on method setUp but has not been marked @Optional or defined
">
      <![CDATA[org.testng.TestNGException: 
Parameter 'browser' is required by BeforeMethod on method setUp but has not been marked @Optional or defined

at java.base/java.util.ArrayList.forEach(ArrayList.java:1597)
... Removed 33 stack frames]]>
    </failure>
  </testcase> <!-- @BeforeMethod setUp -->
  <testcase classname="selenium_ide.Lab23Test" name="@AfterMethod tearDown" time="0.0">
    <skipped/>
  </testcase> <!-- @AfterMethod tearDown -->
  <testcase classname="selenium_ide.Lab4Test" name="@BeforeMethod setUp" time="-1.755841630362E9">
    <failure type="org.testng.TestNGException" message="
Parameter &amp;apos;browser&amp;apos; is required by BeforeMethod on method setUp but has not been marked @Optional or defined
">
      <![CDATA[org.testng.TestNGException: 
Parameter 'browser' is required by BeforeMethod on method setUp but has not been marked @Optional or defined

at java.base/java.util.ArrayList.forEach(ArrayList.java:1597)
... Removed 33 stack frames]]>
    </failure>
  </testcase> <!-- @BeforeMethod setUp -->
  <testcase classname="selenium_ide.Lab4Test" name="@AfterMethod tearDown" time="0.0">
    <skipped/>
  </testcase> <!-- @AfterMethod tearDown -->
  <testcase classname="lab11_selenium.Lab23Test" name="lab23" time="5.95"/>
  <testcase classname="lab11_selenium.Lab4Test" name="lab4" time="14.409"/>
  <testcase classname="Lab_15.NewTest" name="f" time="0.001"/>
  <testcase classname="selenium_ide.Lab23Test" name="lab23" time="0.0">
    <skipped/>
  </testcase> <!-- lab23 -->
  <testcase classname="selenium_ide.Lab4Test" name="lab4" time="0.0">
    <skipped/>
  </testcase> <!-- lab4 -->
</testsuite> <!-- Surefire test -->
